<?xml version="1.0" encoding="UTF-8"?>
<!-- Generated by org.testng.reporters.JUnitXMLReporter -->
<testsuite hostname="DESKTOP-U41UAQK" ignored="1" name="Sanity" tests="1" failures="0" timestamp="2022-07-18T17:14:32 IST" time="17.096" errors="0">
  <testcase name="verifyCreateAccountPageTest" time="7.282" classname="com.mystore.testcases.AccountCreationPageTest"/>
  <testcase name="createAccountTest" time="0.0" classname="com.mystore.testcases.AccountCreationPageTest">
    <ignored/>
  </testcase> <!-- createAccountTest -->
</testsuite> <!-- Sanity -->
